Valid entry:
answer: 1.2
answer_w_choices: 
Valid entry:
answer: 1000
answer_w_choices: 
Valid entry:
answer: None
answer_w_choices: C
Valid entry:
answer: 4
answer_w_choices: 
Valid entry:
answer: None
answer_w_choices: A
Valid entry:
answer: None
answer_w_choices: A
Valid entry:
answer: None
answer_w_choices: B
Valid entry:
answer: None
answer_w_choices: A
Valid entry:
answer: None
answer_w_choices: D
Valid entry:
answer: None
answer_w_choices: E
Valid entry:
answer: 5
answer_w_choices: 
Valid entry:
answer: None
answer_w_choices: A
Valid entry:
answer: 0
answer_w_choices: 
Valid entry:
answer: None
answer_w_choices: A
Valid entry:
answer: None
answer_w_choices: B
Valid entry:
answer: 2
answer_w_choices: 
Valid entry:
answer: None
answer_w_choices: A
Valid entry:
answer: None
answer_w_choices: B
Valid entry:
answer: 400
answer_w_choices: 
Valid entry:
answer: None
answer_w_choices: B
Valid entry:
answer: 2
answer_w_choices: 
Valid entry:
answer: 0
answer_w_choices: 
Valid entry:
answer: None
answer_w_choices: B
Valid entry:
answer: None
answer_w_choices: B
Valid entry:
answer: None
answer_w_choices: B
Valid entry:
answer: None
answer_w_choices: B
Valid entry:
answer: 11
answer_w_choices: 
Valid entry:
answer: None
answer_w_choices: C
Valid entry:
answer: 4
answer_w_choices: 
Valid entry:
answer: None
answer_w_choices: B
Valid entry:
answer: None
answer_w_choices: B
Valid entry:
answer: None
answer_w_choices: D
Valid entry:
answer: None
answer_w_choices: C
Valid entry:
answer: None
answer_w_choices: B
Valid entry:
answer: None
answer_w_choices: B
Valid entry:
answer: 9
answer_w_choices: 
Valid entry:
answer: 3
answer_w_choices: 
Valid entry:
answer: 0
answer_w_choices: 
Valid entry:
answer: None
answer_w_choices: A
Valid entry:
answer: 7
answer_w_choices: 
Valid entry:
answer: 7
answer_w_choices: 
Valid entry:
answer: 8
answer_w_choices: 
Valid entry:
answer: None
answer_w_choices: C
Valid entry:
answer: 18
answer_w_choices: 
Valid entry:
answer: -3
answer_w_choices: 
Valid entry:
answer: None
answer_w_choices: C
Valid entry:
answer: 6
answer_w_choices: 
Valid entry:
answer: None
answer_w_choices: B
Valid entry:
answer: 0
answer_w_choices: 
Valid entry:
answer: None
answer_w_choices: D
Valid entry:
answer: None
answer_w_choices: A
Valid entry:
answer: 6
answer_w_choices: 
Valid entry:
answer: 1
answer_w_choices: 
Valid entry:
answer: None
answer_w_choices: B
Valid entry:
answer: None
answer_w_choices: C
Valid entry:
answer: 6
answer_w_choices: 
Valid entry:
answer: 2
answer_w_choices: 
Valid entry:
answer: None
answer_w_choices: A
Valid entry:
answer: None
answer_w_choices: C
Valid entry:
answer: 22
answer_w_choices: 
Valid entry:
answer: None
answer_w_choices: B
Valid entry:
answer: None
answer_w_choices: A
Valid entry:
answer: 7
answer_w_choices: 
Valid entry:
answer: None
answer_w_choices: B
Valid entry:
answer: None
answer_w_choices: A
Valid entry:
answer: None
answer_w_choices: A
Valid entry:
answer: 16
answer_w_choices: 
Valid entry:
answer: None
answer_w_choices: B
Valid entry:
answer: 7
answer_w_choices: 
Valid entry:
answer: 8
answer_w_choices: 
Valid entry:
answer: 18
answer_w_choices: 
Valid entry:
answer: 1
answer_w_choices: 
Valid entry:
answer: None
answer_w_choices: D
Valid entry:
answer: 47.6
answer_w_choices: 
Valid entry:
answer: None
answer_w_choices: B
Valid entry:
answer: None
answer_w_choices: A
Valid entry:
answer: 2019
answer_w_choices: 
Valid entry:
answer: 8
answer_w_choices: 
Valid entry:
answer: None
answer_w_choices: C
Valid entry:
answer: None
answer_w_choices: A
Valid entry:
answer: -1
answer_w_choices: 
Valid entry:
answer: None
answer_w_choices: C
Valid entry:
answer: None
answer_w_choices: A
Valid entry:
answer: 130.9
answer_w_choices: 
Valid entry:
answer: 2
answer_w_choices: 
Valid entry:
answer: None
answer_w_choices: G
Valid entry:
answer: None
answer_w_choices: B
Valid entry:
answer: 30
answer_w_choices: 
Valid entry:
answer: 25
answer_w_choices: 
Valid entry:
answer: 5
answer_w_choices: 
Valid entry:
answer: None
answer_w_choices: B
Valid entry:
answer: None
answer_w_choices: B
Valid entry:
answer: 197.3
answer_w_choices: 
Valid entry:
answer: None
answer_w_choices: C
Valid entry:
answer: None
answer_w_choices: D
Valid entry:
answer: 3.9
answer_w_choices: 
Valid entry:
answer: 0
answer_w_choices: 
Valid entry:
answer: 2
answer_w_choices: 
Valid entry:
answer: None
answer_w_choices: D
Valid entry:
answer: 12
answer_w_choices: 
Valid entry:
answer: None
answer_w_choices: C
Valid entry:
answer: 6
answer_w_choices: 
Valid entry:
answer: 2
answer_w_choices: 
Valid entry:
answer: 0.8
answer_w_choices: 
Valid entry:
answer: None
answer_w_choices: A
Valid entry:
answer: 0
answer_w_choices: 
Valid entry:
answer: None
answer_w_choices: B
Valid entry:
answer: 51.04
answer_w_choices: 
Valid entry:
answer: 5
answer_w_choices: 
Valid entry:
answer: None
answer_w_choices: B
Valid entry:
answer: 5
answer_w_choices: 
Valid entry:
answer: None
answer_w_choices: B
Valid entry:
answer: 20
answer_w_choices: 
Valid entry:
answer: None
answer_w_choices: B
Valid entry:
answer: 3
answer_w_choices: 
Valid entry:
answer: None
answer_w_choices: A
Valid entry:
answer: None
answer_w_choices: A
Valid entry:
answer: 1
answer_w_choices: 
Valid entry:
answer: None
answer_w_choices: D
Valid entry:
answer: 3
answer_w_choices: 
Valid entry:
answer: 5
answer_w_choices: 
Valid entry:
answer: None
answer_w_choices: B
Valid entry:
answer: None
answer_w_choices: D
Valid entry:
answer: None
answer_w_choices: A
Valid entry:
answer: None
answer_w_choices: B
Valid entry:
answer: 9
answer_w_choices: 
Valid entry:
answer: 5
answer_w_choices: 
Valid entry:
answer: 6
answer_w_choices: 
Valid entry:
answer: 3
answer_w_choices: 
Valid entry:
answer: 0
answer_w_choices: 
Valid entry:
answer: 3
answer_w_choices: 
Valid entry:
answer: None
answer_w_choices: C
Valid entry:
answer: 4
answer_w_choices: 
Valid entry:
answer: None
answer_w_choices: C
Valid entry:
answer: None
answer_w_choices: A
Valid entry:
answer: 64
answer_w_choices: 
Valid entry:
answer: None
answer_w_choices: B
Valid entry:
answer: None
answer_w_choices: A
Valid entry:
answer: None
answer_w_choices: B
Valid entry:
answer: None
answer_w_choices: A
Valid entry:
answer: None
answer_w_choices: C
Valid entry:
answer: None
answer_w_choices: B
Valid entry:
answer: None
answer_w_choices: C
Valid entry:
answer: 13.8
answer_w_choices: 
Valid entry:
answer: 10
answer_w_choices: 
Valid entry:
answer: 4
answer_w_choices: 
Valid entry:
answer: None
answer_w_choices: B
Valid entry:
answer: None
answer_w_choices: D
Valid entry:
answer: None
answer_w_choices: A
Valid entry:
answer: None
answer_w_choices: A
Valid entry:
answer: None
answer_w_choices: A
Valid entry:
answer: None
answer_w_choices: C
Valid entry:
answer: None
answer_w_choices: D
Valid entry:
answer: None
answer_w_choices: B
Valid entry:
answer: None
answer_w_choices: A
Valid entry:
answer: 4
answer_w_choices: 
Valid entry:
answer: 9335
answer_w_choices: 
Valid entry:
answer: 7
answer_w_choices: 
Valid entry:
answer: 100
answer_w_choices: 
Valid entry:
answer: None
answer_w_choices: C
Valid entry:
answer: 71
answer_w_choices: 
Valid entry:
answer: 4
answer_w_choices: 
Valid entry:
answer: 7519
answer_w_choices: 
Valid entry:
answer: None
answer_w_choices: B
Valid entry:
answer: 6
answer_w_choices: 
Valid entry:
answer: None
answer_w_choices: B
Valid entry:
answer: 2
answer_w_choices: 
Valid entry:
answer: None
answer_w_choices: E
Valid entry:
answer: 5
answer_w_choices: 
Valid entry:
answer: None
answer_w_choices: C
Valid entry:
answer: 20
answer_w_choices: 
Valid entry:
answer: None
answer_w_choices: B
Valid entry:
answer: None
answer_w_choices: B
Valid entry:
answer: None
answer_w_choices: A
Valid entry:
answer: 24
answer_w_choices: 
Valid entry:
answer: None
answer_w_choices: D
Valid entry:
answer: None
answer_w_choices: A
Valid entry:
answer: None
answer_w_choices: C
Valid entry:
answer: None
answer_w_choices: D
Valid entry:
answer: 6
answer_w_choices: 
Valid entry:
answer: None
answer_w_choices: C
Valid entry:
answer: None
answer_w_choices: B
Valid entry:
answer: 4
answer_w_choices: 
Valid entry:
answer: 0
answer_w_choices: 
Valid entry:
answer: None
answer_w_choices: B
Valid entry:
answer: None
answer_w_choices: A
Valid entry:
answer: 9015
answer_w_choices: 
Valid entry:
answer: 3
answer_w_choices: 
Valid entry:
answer: 1
answer_w_choices: 
Valid entry:
answer: 2
answer_w_choices: 
Valid entry:
answer: 4
answer_w_choices: 
Valid entry:
answer: None
answer_w_choices: C
Valid entry:
answer: 3
answer_w_choices: 
Valid entry:
answer: 50
answer_w_choices: 
Valid entry:
answer: None
answer_w_choices: C
Valid entry:
answer: None
answer_w_choices: C
Valid entry:
answer: 2
answer_w_choices: 
Valid entry:
answer: None
answer_w_choices: A
Valid entry:
answer: 0.21
answer_w_choices: 
Valid entry:
answer: None
answer_w_choices: A
Valid entry:
answer: 19
answer_w_choices: 
Valid entry:
answer: 3
answer_w_choices: 
Valid entry:
answer: None
answer_w_choices: A
Valid entry:
answer: 12
answer_w_choices: 
Valid entry:
answer: 24
answer_w_choices: 
Valid entry:
answer: None
answer_w_choices: B
Valid entry:
answer: 5
answer_w_choices: 
Valid entry:
answer: 5
answer_w_choices: 
Valid entry:
answer: 28.3
answer_w_choices: 
Valid entry:
answer: 0
answer_w_choices: 
Valid entry:
answer: 6
answer_w_choices: 
Valid entry:
answer: None
answer_w_choices: A
Valid entry:
answer: 2001
answer_w_choices: 
Valid entry:
answer: 2
answer_w_choices: 
Valid entry:
answer: 8
answer_w_choices: 
Valid entry:
answer: 90
answer_w_choices: 
Valid entry:
answer: 2
answer_w_choices: 
Valid entry:
answer: 2
answer_w_choices: 
Valid entry:
answer: 1
answer_w_choices: 
Valid entry:
answer: None
answer_w_choices: A
Valid entry:
answer: None
answer_w_choices: D
Valid entry:
answer: 3
answer_w_choices: 
Valid entry:
answer: None
answer_w_choices: A
Valid entry:
answer: None
answer_w_choices: B
Valid entry:
answer: [0, 2, 0, 2, 1, 7, 1, 2, 0, 3, 0, 6]
answer_w_choices: 
Valid entry:
answer: None
answer_w_choices: B
Valid entry:
answer: None
answer_w_choices: A
Valid entry:
answer: None
answer_w_choices: A
Valid entry:
answer: None
answer_w_choices: E
Valid entry:
answer: 0
answer_w_choices: 
Valid entry:
answer: None
answer_w_choices: E
Valid entry:
answer: None
answer_w_choices: B
Valid entry:
answer: 2
answer_w_choices: 
Valid entry:
answer: None
answer_w_choices: C
Valid entry:
answer: None
answer_w_choices: A
Valid entry:
answer: None
answer_w_choices: C
Valid entry:
answer: None
answer_w_choices: C
Valid entry:
answer: None
answer_w_choices: B
Valid entry:
answer: None
answer_w_choices: A
Valid entry:
answer: 1
answer_w_choices: 
Valid entry:
answer: 11
answer_w_choices: 
Valid entry:
answer: None
answer_w_choices: C
Valid entry:
answer: 5
answer_w_choices: 
Valid entry:
answer: None
answer_w_choices: B
Valid entry:
answer: 24
answer_w_choices: 
Valid entry:
answer: 13
answer_w_choices: 
Valid entry:
answer: 6.36
answer_w_choices: 
Valid entry:
answer: None
answer_w_choices: B
Valid entry:
answer: 6
answer_w_choices: 
Valid entry:
answer: None
answer_w_choices: C
Valid entry:
answer: 4
answer_w_choices: 
Valid entry:
answer: 0.73
answer_w_choices: 
Valid entry:
answer: 2
answer_w_choices: 
Valid entry:
answer: None
answer_w_choices: A
Valid entry:
answer: None
answer_w_choices: C
Valid entry:
answer: None
answer_w_choices: D
Valid entry:
answer: None
answer_w_choices: A
Valid entry:
answer: 2
answer_w_choices: 
Valid entry:
answer: 2
answer_w_choices: 
Valid entry:
answer: None
answer_w_choices: A
Valid entry:
answer: 6
answer_w_choices: 
Valid entry:
answer: 39
answer_w_choices: 
Valid entry:
answer: 38
answer_w_choices: 
Valid entry:
answer: 3
answer_w_choices: 
Valid entry:
answer: 11
answer_w_choices: 
Valid entry:
answer: None
answer_w_choices: A
Valid entry:
answer: None
answer_w_choices: C
Valid entry:
answer: 10.4
answer_w_choices: 
Valid entry:
answer: None
answer_w_choices: B
Valid entry:
answer: None
answer_w_choices: C
Valid entry:
answer: None
answer_w_choices: C
Valid entry:
answer: None
answer_w_choices: C
Valid entry:
answer: None
answer_w_choices: C
Valid entry:
answer: None
answer_w_choices: D
Valid entry:
answer: None
answer_w_choices: D
Valid entry:
answer: None
answer_w_choices: C
Valid entry:
answer: None
answer_w_choices: D
Valid entry:
answer: None
answer_w_choices: C
Valid entry:
answer: None
answer_w_choices: A
Valid entry:
answer: None
answer_w_choices: B
Valid entry:
answer: None
answer_w_choices: B
Valid entry:
answer: 100
answer_w_choices: 
Valid entry:
answer: None
answer_w_choices: C
Valid entry:
answer: 1
answer_w_choices: 
Valid entry:
answer: None
answer_w_choices: D
Valid entry:
answer: None
answer_w_choices: D
Valid entry:
answer: None
answer_w_choices: B
Valid entry:
answer: None
answer_w_choices: A
Valid entry:
answer: 2
answer_w_choices: 
Valid entry:
answer: None
answer_w_choices: A
Valid entry:
answer: None
answer_w_choices: D
Valid entry:
answer: None
answer_w_choices: B
Valid entry:
answer: None
answer_w_choices: C
Valid entry:
answer: 0.17
answer_w_choices: 
Valid entry:
answer: 3
answer_w_choices: 
Valid entry:
answer: None
answer_w_choices: B
Valid entry:
answer: None
answer_w_choices: A
Valid entry:
answer: None
answer_w_choices: A
Valid entry:
answer: 22
answer_w_choices: 
Valid entry:
answer: None
answer_w_choices: C
Valid entry:
answer: None
answer_w_choices: A
Valid entry:
answer: None
answer_w_choices: D
Valid entry:
answer: None
answer_w_choices: B
Valid entry:
answer: 100
answer_w_choices: 
Valid entry:
answer: 9
answer_w_choices: 
Valid entry:
answer: None
answer_w_choices: A
Valid entry:
answer: 2.58
answer_w_choices: 
Valid entry:
answer: None
answer_w_choices: B
Valid entry:
answer: 5
answer_w_choices: 
Valid entry:
answer: None
answer_w_choices: C
Valid entry:
answer: 2
answer_w_choices: 
Valid entry:
answer: None
answer_w_choices: C
Valid entry:
answer: 10
answer_w_choices: 
Valid entry:
answer: None
answer_w_choices: B
Valid entry:
answer: None
answer_w_choices: D
Valid entry:
answer: None
answer_w_choices: A
Valid entry:
answer: 6
answer_w_choices: 
Valid entry:
answer: None
answer_w_choices: C
Valid entry:
answer: None
answer_w_choices: A
Valid entry:
answer: None
answer_w_choices: B
Valid entry:
answer: None
answer_w_choices: B
Valid entry:
answer: None
answer_w_choices: D
Valid entry:
answer: None
answer_w_choices: A
Valid entry:
answer: 53
answer_w_choices: 
Valid entry:
answer: None
answer_w_choices: B
Valid entry:
answer: 3
answer_w_choices: 
Valid entry:
answer: 0
answer_w_choices: 
Valid entry:
answer: 18
answer_w_choices: 
Valid entry:
answer: None
answer_w_choices: A
Valid entry:
answer: 7
answer_w_choices: 
Valid entry:
answer: 64
answer_w_choices: 
Valid entry:
answer: 7873
answer_w_choices: 
Valid entry:
answer: None
answer_w_choices: A
Valid entry:
answer: None
answer_w_choices: A
Valid entry:
answer: 2
answer_w_choices: 
Valid entry:
answer: 8
answer_w_choices: 
Valid entry:
answer: None
answer_w_choices: B
Valid entry:
answer: None
answer_w_choices: B
Valid entry:
answer: None
answer_w_choices: D
Valid entry:
answer: None
answer_w_choices: E
Valid entry:
answer: None
answer_w_choices: C
Valid entry:
answer: None
answer_w_choices: D
Valid entry:
answer: 7
answer_w_choices: 
Valid entry:
answer: None
answer_w_choices: A
Valid entry:
answer: 25
answer_w_choices: 
Valid entry:
answer: 1
answer_w_choices: 
Valid entry:
answer: None
answer_w_choices: B
Valid entry:
answer: None
answer_w_choices: A
Valid entry:
answer: None
answer_w_choices: A
Valid entry:
answer: 4
answer_w_choices: 
Valid entry:
answer: None
answer_w_choices: A
Valid entry:
answer: 1
answer_w_choices: 
Valid entry:
answer: 130.4
answer_w_choices: 
Valid entry:
answer: 0
answer_w_choices: 
Valid entry:
answer: None
answer_w_choices: B
Valid entry:
answer: None
answer_w_choices: B
Valid entry:
answer: None
answer_w_choices: B
Valid entry:
answer: None
answer_w_choices: A
Valid entry:
answer: -7
answer_w_choices: 
Valid entry:
answer: None
answer_w_choices: B
Valid entry:
answer: None
answer_w_choices: B
Valid entry:
answer: 8
answer_w_choices: 
Valid entry:
answer: 2
answer_w_choices: 
Valid entry:
answer: None
answer_w_choices: C
Valid entry:
answer: 7
answer_w_choices: 
Valid entry:
answer: 2
answer_w_choices: 
Valid entry:
answer: 14
answer_w_choices: 
Valid entry:
answer: None
answer_w_choices: B
Valid entry:
answer: None
answer_w_choices: A
Valid entry:
answer: None
answer_w_choices: A
Valid entry:
answer: None
answer_w_choices: B
Valid entry:
answer: 2
answer_w_choices: 
Valid entry:
answer: None
answer_w_choices: B
Valid entry:
answer: 13
answer_w_choices: 
Valid entry:
answer: None
answer_w_choices: B
Valid entry:
answer: 7
answer_w_choices: 
Valid entry:
answer: None
answer_w_choices: B
Valid entry:
answer: None
answer_w_choices: D
Valid entry:
answer: None
answer_w_choices: A
Valid entry:
answer: 6
answer_w_choices: 
Valid entry:
answer: None
answer_w_choices: A
Valid entry:
answer: None
answer_w_choices: A
Valid entry:
answer: 131253.5
answer_w_choices: 
Valid entry:
answer: 0
answer_w_choices: 
Valid entry:
answer: None
answer_w_choices: A
Valid entry:
answer: None
answer_w_choices: C
Valid entry:
answer: 100
answer_w_choices: 
Valid entry:
answer: None
answer_w_choices: B
Valid entry:
answer: None
answer_w_choices: A
Valid entry:
answer: None
answer_w_choices: A
Valid entry:
answer: None
answer_w_choices: D
Valid entry:
answer: 1
answer_w_choices: 
Valid entry:
answer: 54
answer_w_choices: 
Valid entry:
answer: None
answer_w_choices: F
Valid entry:
answer: 10
answer_w_choices: 
Valid entry:
answer: None
answer_w_choices: B
Valid entry:
answer: None
answer_w_choices: B
Valid entry:
answer: 3
answer_w_choices: 
Valid entry:
answer: 6
answer_w_choices: 
Valid entry:
answer: None
answer_w_choices: G
Valid entry:
answer: 1
answer_w_choices: 
Valid entry:
answer: None
answer_w_choices: C
Valid entry:
answer: None
answer_w_choices: D
Valid entry:
answer: None
answer_w_choices: D
Valid entry:
answer: 19
answer_w_choices: 
Valid entry:
answer: 15
answer_w_choices: 
Valid entry:
answer: None
answer_w_choices: B
Valid entry:
answer: None
answer_w_choices: D
Valid entry:
answer: 5
answer_w_choices: 
Valid entry:
answer: None
answer_w_choices: A
Valid entry:
answer: 100
answer_w_choices: 
Valid entry:
answer: None
answer_w_choices: B
Valid entry:
answer: None
answer_w_choices: C
Valid entry:
answer: None
answer_w_choices: C
Valid entry:
answer: 15017
answer_w_choices: 
Valid entry:
answer: 800
answer_w_choices: 
Valid entry:
answer: 8
answer_w_choices: 
Valid entry:
answer: None
answer_w_choices: C
Valid entry:
answer: None
answer_w_choices: B
Valid entry:
answer: 0.0
answer_w_choices: 
Valid entry:
answer: -47
answer_w_choices: 
Valid entry:
answer: 10
answer_w_choices: 
Valid entry:
answer: None
answer_w_choices: B
Valid entry:
answer: None
answer_w_choices: A
Valid entry:
answer: None
answer_w_choices: A
Valid entry:
answer: None
answer_w_choices: B
Valid entry:
answer: 7
answer_w_choices: 
Valid entry:
answer: 28
answer_w_choices: 
Valid entry:
answer: 10
answer_w_choices: 
Valid entry:
answer: None
answer_w_choices: C
Valid entry:
answer: None
answer_w_choices: C
Valid entry:
answer: 4
answer_w_choices: 
Valid entry:
answer: 5
answer_w_choices: 
Valid entry:
answer: None
answer_w_choices: A
Valid entry:
answer: 1
answer_w_choices: 
Valid entry:
answer: 3
answer_w_choices: 
Valid entry:
answer: 839
answer_w_choices: 
Valid entry:
answer: 13
answer_w_choices: 
Valid entry:
answer: None
answer_w_choices: B
Valid entry:
answer: None
answer_w_choices: B
Valid entry:
answer: 9
answer_w_choices: 
Valid entry:
answer: 3
answer_w_choices: 
Valid entry:
answer: None
answer_w_choices: B
Valid entry:
answer: 7
answer_w_choices: 
Valid entry:
answer: None
answer_w_choices: A
Valid entry:
answer: None
answer_w_choices: C
Valid entry:
answer: None
answer_w_choices: B
Valid entry:
answer: 2016
answer_w_choices: 
Valid entry:
answer: 40
answer_w_choices: 
Valid entry:
answer: None
answer_w_choices: D
Valid entry:
answer: None
answer_w_choices: A
Valid entry:
answer: None
answer_w_choices: C
Valid entry:
answer: 4
answer_w_choices: 
Valid entry:
answer: 1
answer_w_choices: 
Valid entry:
answer: None
answer_w_choices: A
Valid entry:
answer: None
answer_w_choices: A
Valid entry:
answer: 4525
answer_w_choices: 
Valid entry:
answer: 3
answer_w_choices: 
Valid entry:
answer: 1
answer_w_choices: 
Valid entry:
answer: None
answer_w_choices: B
Valid entry:
answer: 7
answer_w_choices: 
Valid entry:
answer: 1
answer_w_choices: 
Valid entry:
answer: 2
answer_w_choices: 
Valid entry:
answer: None
answer_w_choices: D
Valid entry:
answer: None
answer_w_choices: A
Valid entry:
answer: None
answer_w_choices: B
Valid entry:
answer: None
answer_w_choices: C
Valid entry:
answer: 7
answer_w_choices: 
Valid entry:
answer: None
answer_w_choices: A
Valid entry:
answer: None
answer_w_choices: C
Valid entry:
answer: 8
answer_w_choices: 
Valid entry:
answer: 3
answer_w_choices: 
Valid entry:
answer: 12
answer_w_choices: 
Valid entry:
answer: 25
answer_w_choices: 
Valid entry:
answer: 8
answer_w_choices: 
Valid entry:
answer: None
answer_w_choices: A
Valid entry:
answer: None
answer_w_choices: A
Valid entry:
answer: None
answer_w_choices: A
Valid entry:
answer: 2.54
answer_w_choices: 
Valid entry:
answer: None
answer_w_choices: B
Valid entry:
answer: 6
answer_w_choices: 
Valid entry:
answer: None
answer_w_choices: D
Valid entry:
answer: None
answer_w_choices: B
Valid entry:
answer: 3
answer_w_choices: 
Valid entry:
answer: None
answer_w_choices: C
Valid entry:
answer: None
answer_w_choices: D
Valid entry:
answer: None
answer_w_choices: A
Valid entry:
answer: 2
answer_w_choices: 
Valid entry:
answer: 25
answer_w_choices: 
Valid entry:
answer: None
answer_w_choices: C
Valid entry:
answer: None
answer_w_choices: B
Valid entry:
answer: None
answer_w_choices: D
Valid entry:
answer: None
answer_w_choices: B
Valid entry:
answer: 3
answer_w_choices: 
Valid entry:
answer: None
answer_w_choices: B
Valid entry:
answer: 20
answer_w_choices: 
Valid entry:
answer: 9
answer_w_choices: 
Valid entry:
answer: None
answer_w_choices: A
Valid entry:
answer: None
answer_w_choices: C
Valid entry:
answer: 3
answer_w_choices: 
Valid entry:
answer: 7
answer_w_choices: 
Valid entry:
answer: None
answer_w_choices: B
Valid entry:
answer: 4
answer_w_choices: 
Valid entry:
answer: None
answer_w_choices: B
Valid entry:
answer: None
answer_w_choices: A
Valid entry:
answer: [2014, 2016]
answer_w_choices: 
Valid entry:
answer: None
answer_w_choices: C
Valid entry:
answer: 5
answer_w_choices: 
Valid entry:
answer: None
answer_w_choices: A
Valid entry:
answer: None
answer_w_choices: D
Valid entry:
answer: 9
answer_w_choices: 
Valid entry:
answer: 0.24
answer_w_choices: 
Valid entry:
answer: None
answer_w_choices: C
Valid entry:
answer: None
answer_w_choices: A
Valid entry:
answer: None
answer_w_choices: B
Valid entry:
answer: None
answer_w_choices: B
Valid entry:
answer: -1
answer_w_choices: 
Valid entry:
answer: 4
answer_w_choices: 
Valid entry:
answer: 12
answer_w_choices: 
Valid entry:
answer: None
answer_w_choices: A
Valid entry:
answer: None
answer_w_choices: C
Valid entry:
answer: 7
answer_w_choices: 
Valid entry:
answer: None
answer_w_choices: C
Valid entry:
answer: 0
answer_w_choices: 
Valid entry:
answer: 0
answer_w_choices: 
Valid entry:
answer: None
answer_w_choices: A
Valid entry:
answer: None
answer_w_choices: A
Valid entry:
answer: None
answer_w_choices: D
Valid entry:
answer: 1020
answer_w_choices: 
Valid entry:
answer: 9
answer_w_choices: 
Valid entry:
answer: None
answer_w_choices: B
Valid entry:
answer: None
answer_w_choices: B
Valid entry:
answer: 8
answer_w_choices: 
Valid entry:
answer: 1
answer_w_choices: 
Valid entry:
answer: -8
answer_w_choices: 
Valid entry:
answer: None
answer_w_choices: D
Valid entry:
answer: None
answer_w_choices: B
Valid entry:
answer: None
answer_w_choices: A
Valid entry:
answer: None
answer_w_choices: C
Valid entry:
answer: None
answer_w_choices: A
Valid entry:
answer: None
answer_w_choices: D
Valid entry:
answer: 2
answer_w_choices: 
Valid entry:
answer: None
answer_w_choices: A
Valid entry:
answer: 44
answer_w_choices: 
Valid entry:
answer: None
answer_w_choices: A
Valid entry:
answer: 1
answer_w_choices: 
Valid entry:
answer: None
answer_w_choices: A
Valid entry:
answer: None
answer_w_choices: A
Valid entry:
answer: None
answer_w_choices: C
Valid entry:
answer: 8
answer_w_choices: 
Valid entry:
answer: 14
answer_w_choices: 
Valid entry:
answer: 4
answer_w_choices: 
Valid entry:
answer: None
answer_w_choices: B
Valid entry:
answer: None
answer_w_choices: A
Valid entry:
answer: None
answer_w_choices: B
Valid entry:
answer: None
answer_w_choices: A
Valid entry:
answer: None
answer_w_choices: B
Valid entry:
answer: 9
answer_w_choices: 
Valid entry:
answer: 55
answer_w_choices: 
Valid entry:
answer: None
answer_w_choices: A
Valid entry:
answer: None
answer_w_choices: B
Valid entry:
answer: 1
answer_w_choices: 
Valid entry:
answer: None
answer_w_choices: B
Valid entry:
answer: 4
answer_w_choices: 
Valid entry:
answer: None
answer_w_choices: A
Valid entry:
answer: None
answer_w_choices: A
Valid entry:
answer: 3
answer_w_choices: 
Valid entry:
answer: 2
answer_w_choices: 
Valid entry:
answer: 1
answer_w_choices: 
Valid entry:
answer: 5
answer_w_choices: 
Valid entry:
answer: None
answer_w_choices: B
Valid entry:
answer: 5
answer_w_choices: 
Valid entry:
answer: 53
answer_w_choices: 
Valid entry:
answer: None
answer_w_choices: B
Valid entry:
answer: None
answer_w_choices: A
Valid entry:
answer: None
answer_w_choices: D
Valid entry:
answer: -104
answer_w_choices: 
Valid entry:
answer: 9567
answer_w_choices: 
Valid entry:
answer: 7
answer_w_choices: 
Valid entry:
answer: None
answer_w_choices: A
Valid entry:
answer: 4
answer_w_choices: 
Valid entry:
answer: None
answer_w_choices: A
Valid entry:
answer: None
answer_w_choices: A
Valid entry:
answer: None
answer_w_choices: A
Valid entry:
answer: None
answer_w_choices: A
Valid entry:
answer: None
answer_w_choices: C
Valid entry:
answer: None
answer_w_choices: B
Valid entry:
answer: 1982
answer_w_choices: 
Valid entry:
answer: 5
answer_w_choices: 
Valid entry:
answer: 13
answer_w_choices: 
Valid entry:
answer: 4
answer_w_choices: 
Valid entry:
answer: 4
answer_w_choices: 
Valid entry:
answer: 273
answer_w_choices: 
Valid entry:
answer: 2005
answer_w_choices: 
Valid entry:
answer: None
answer_w_choices: A
Valid entry:
answer: None
answer_w_choices: B
Valid entry:
answer: 10
answer_w_choices: 
Valid entry:
answer: None
answer_w_choices: A
Valid entry:
answer: None
answer_w_choices: A
Valid entry:
answer: None
answer_w_choices: A
Valid entry:
answer: 0.33
answer_w_choices: 
Valid entry:
answer: 18
answer_w_choices: 
Valid entry:
answer: 300
answer_w_choices: 
Valid entry:
answer: None
answer_w_choices: B
Valid entry:
answer: 6
answer_w_choices: 
Valid entry:
answer: 10
answer_w_choices: 
Valid entry:
answer: 3
answer_w_choices: 
Valid entry:
answer: None
answer_w_choices: B
Valid entry:
answer: 1
answer_w_choices: 
Valid entry:
answer: None
answer_w_choices: B
Valid entry:
answer: 0
answer_w_choices: 
Valid entry:
answer: 4
answer_w_choices: 
Valid entry:
answer: 10
answer_w_choices: 
Valid entry:
answer: 7
answer_w_choices: 
Valid entry:
answer: None
answer_w_choices: D
Valid entry:
answer: 2
answer_w_choices: 
Valid entry:
answer: 9
answer_w_choices: 
Valid entry:
answer: None
answer_w_choices: B
Valid entry:
answer: 16
answer_w_choices: 
Valid entry:
answer: 2
answer_w_choices: 
Valid entry:
answer: None
answer_w_choices: E
Valid entry:
answer: None
answer_w_choices: B
Valid entry:
answer: None
answer_w_choices: C
Valid entry:
answer: 5
answer_w_choices: 
Valid entry:
answer: None
answer_w_choices: A
Valid entry:
answer: 1
answer_w_choices: 
Valid entry:
answer: 6
answer_w_choices: 
Valid entry:
answer: None
answer_w_choices: B
Valid entry:
answer: 20
answer_w_choices: 
Valid entry:
answer: 72
answer_w_choices: 
Valid entry:
answer: 0
answer_w_choices: 
Valid entry:
answer: 52
answer_w_choices: 
Valid entry:
answer: None
answer_w_choices: B
Valid entry:
answer: None
answer_w_choices: D
Valid entry:
answer: None
answer_w_choices: B
Valid entry:
answer: 34
answer_w_choices: 
Valid entry:
answer: None
answer_w_choices: C
Valid entry:
answer: 1
answer_w_choices: 
Valid entry:
answer: 475
answer_w_choices: 
Valid entry:
answer: None
answer_w_choices: B
Valid entry:
answer: 5.77
answer_w_choices: 
Valid entry:
answer: None
answer_w_choices: E
Valid entry:
answer: None
answer_w_choices: A
Valid entry:
answer: None
answer_w_choices: A
Valid entry:
answer: None
answer_w_choices: A
Valid entry:
answer: 25
answer_w_choices: 
Valid entry:
answer: None
answer_w_choices: B
Valid entry:
answer: -1
answer_w_choices: 
Valid entry:
answer: 4
answer_w_choices: 
Valid entry:
answer: 31.3
answer_w_choices: 
Valid entry:
answer: 7
answer_w_choices: 
Valid entry:
answer: 0
answer_w_choices: 
Valid entry:
answer: None
answer_w_choices: A
Valid entry:
answer: None
answer_w_choices: B
Valid entry:
answer: None
answer_w_choices: A
Valid entry:
answer: None
answer_w_choices: A
Valid entry:
answer: None
answer_w_choices: A
Valid entry:
answer: 1
answer_w_choices: 
Valid entry:
answer: 991
answer_w_choices: 
Valid entry:
answer: None
answer_w_choices: B
Valid entry:
answer: None
answer_w_choices: B
Valid entry:
answer: 80
answer_w_choices: 
Valid entry:
answer: None
answer_w_choices: B
Valid entry:
answer: 17
answer_w_choices: 
Valid entry:
answer: None
answer_w_choices: D
Valid entry:
answer: 4
answer_w_choices: 
Valid entry:
answer: 2015
answer_w_choices: 
Valid entry:
answer: None
answer_w_choices: A
Valid entry:
answer: None
answer_w_choices: D
Valid entry:
answer: None
answer_w_choices: B
Valid entry:
answer: 14.14
answer_w_choices: 
Valid entry:
answer: 2
answer_w_choices: 
Valid entry:
answer: None
answer_w_choices: B
Valid entry:
answer: None
answer_w_choices: B
Valid entry:
answer: None
answer_w_choices: B
Valid entry:
answer: 0
answer_w_choices: 
Valid entry:
answer: None
answer_w_choices: B
Valid entry:
answer: None
answer_w_choices: C
Valid entry:
answer: None
answer_w_choices: B
Valid entry:
answer: 5
answer_w_choices: 
Valid entry:
answer: None
answer_w_choices: D
Valid entry:
answer: None
answer_w_choices: A
Valid entry:
answer: 2
answer_w_choices: 
Valid entry:
answer: None
answer_w_choices: C
Valid entry:
answer: None
answer_w_choices: B
Valid entry:
answer: None
answer_w_choices: B
Valid entry:
answer: None
answer_w_choices: A
Valid entry:
answer: None
answer_w_choices: E
Valid entry:
answer: None
answer_w_choices: A
Valid entry:
answer: None
answer_w_choices: E
Valid entry:
answer: 256
answer_w_choices: 
Valid entry:
answer: None
answer_w_choices: A
Valid entry:
answer: None
answer_w_choices: B
Valid entry:
answer: None
answer_w_choices: D
Valid entry:
answer: None
answer_w_choices: A
Valid entry:
answer: None
answer_w_choices: B
Valid entry:
answer: None
answer_w_choices: C
Valid entry:
answer: None
answer_w_choices: A
Valid entry:
answer: 0
answer_w_choices: 
Valid entry:
answer: None
answer_w_choices: C
Valid entry:
answer: 9
answer_w_choices: 
Valid entry:
answer: 400
answer_w_choices: 
Valid entry:
answer: 2372.1
answer_w_choices: 
Valid entry:
answer: None
answer_w_choices: B
Valid entry:
answer: None
answer_w_choices: B
Valid entry:
answer: None
answer_w_choices: C
Valid entry:
answer: None
answer_w_choices: D
Valid entry:
answer: None
answer_w_choices: C
Valid entry:
answer: 4
answer_w_choices: 
Valid entry:
answer: 0
answer_w_choices: 
Valid entry:
answer: 3
answer_w_choices: 
Valid entry:
answer: 9
answer_w_choices: 
Valid entry:
answer: None
answer_w_choices: A
Valid entry:
answer: None
answer_w_choices: B
Valid entry:
answer: None
answer_w_choices: B
Valid entry:
answer: None
answer_w_choices: D
Valid entry:
answer: None
answer_w_choices: B
Valid entry:
answer: 0.21
answer_w_choices: 
Valid entry:
answer: 13
answer_w_choices: 
Valid entry:
answer: 2
answer_w_choices: 
Valid entry:
answer: 4
answer_w_choices: 
Valid entry:
answer: None
answer_w_choices: A
Valid entry:
answer: None
answer_w_choices: B
Valid entry:
answer: None
answer_w_choices: A
Valid entry:
answer: -130
answer_w_choices: 
Valid entry:
answer: None
answer_w_choices: A
Valid entry:
answer: 70
answer_w_choices: 
Valid entry:
answer: 7
answer_w_choices: 
Valid entry:
answer: 1
answer_w_choices: 
Valid entry:
answer: 2019
answer_w_choices: 
Valid entry:
answer: 40
answer_w_choices: 
Valid entry:
answer: None
answer_w_choices: A
Valid entry:
answer: 63.4
answer_w_choices: 
Valid entry:
answer: None
answer_w_choices: A
Valid entry:
answer: None
answer_w_choices: B
Valid entry:
answer: None
answer_w_choices: C
Valid entry:
answer: None
answer_w_choices: D
Valid entry:
answer: None
answer_w_choices: B
Valid entry:
answer: 23
answer_w_choices: 
Valid entry:
answer: None
answer_w_choices: A
Valid entry:
answer: 13
answer_w_choices: 
Valid entry:
answer: 3
answer_w_choices: 
Valid entry:
answer: 10.53
answer_w_choices: 
Valid entry:
answer: None
answer_w_choices: D
Valid entry:
answer: 1
answer_w_choices: 
Valid entry:
answer: 7
answer_w_choices: 
Valid entry:
answer: None
answer_w_choices: C
Valid entry:
answer: None
answer_w_choices: A
Valid entry:
answer: None
answer_w_choices: D
Valid entry:
answer: 18
answer_w_choices: 
Valid entry:
answer: None
answer_w_choices: A
Valid entry:
answer: None
answer_w_choices: C
Valid entry:
answer: 4
answer_w_choices: 
Valid entry:
answer: None
answer_w_choices: A
Valid entry:
answer: None
answer_w_choices: A
Valid entry:
answer: None
answer_w_choices: C
Valid entry:
answer: None
answer_w_choices: A
Valid entry:
answer: None
answer_w_choices: B
Valid entry:
answer: 2
answer_w_choices: 
Valid entry:
answer: None
answer_w_choices: A
Valid entry:
answer: None
answer_w_choices: D
Valid entry:
answer: None
answer_w_choices: A
Valid entry:
answer: 8
answer_w_choices: 
Valid entry:
answer: 9
answer_w_choices: 
Valid entry:
answer: None
answer_w_choices: B
Valid entry:
answer: None
answer_w_choices: A
Valid entry:
answer: 5
answer_w_choices: 
Valid entry:
answer: None
answer_w_choices: B
Valid entry:
answer: None
answer_w_choices: B
Valid entry:
answer: 1
answer_w_choices: 
Valid entry:
answer: None
answer_w_choices: A
Valid entry:
answer: None
answer_w_choices: A
Valid entry:
answer: None
answer_w_choices: B
Valid entry:
answer: None
answer_w_choices: A
Valid entry:
answer: None
answer_w_choices: B
Valid entry:
answer: None
answer_w_choices: B
Valid entry:
answer: None
answer_w_choices: B
Valid entry:
answer: None
answer_w_choices: A
Valid entry:
answer: None
answer_w_choices: A
Valid entry:
answer: 7
answer_w_choices: 
Valid entry:
answer: None
answer_w_choices: C
Valid entry:
answer: 4
answer_w_choices: 
Valid entry:
answer: None
answer_w_choices: B
Valid entry:
answer: 70
answer_w_choices: 
Valid entry:
answer: None
answer_w_choices: D
Valid entry:
answer: None
answer_w_choices: C
Valid entry:
answer: 50
answer_w_choices: 
Valid entry:
answer: 7
answer_w_choices: 
Valid entry:
answer: 10
answer_w_choices: 
Valid entry:
answer: None
answer_w_choices: C
Valid entry:
answer: 1.06
answer_w_choices: 
Valid entry:
answer: 7
answer_w_choices: 
Valid entry:
answer: 1578
answer_w_choices: 
Valid entry:
answer: 2
answer_w_choices: 
Valid entry:
answer: 75
answer_w_choices: 
Valid entry:
answer: 3
answer_w_choices: 
Valid entry:
answer: None
answer_w_choices: B
Valid entry:
answer: None
answer_w_choices: B
Valid entry:
answer: 13
answer_w_choices: 
Valid entry:
answer: None
answer_w_choices: B
Valid entry:
answer: 10
answer_w_choices: 
Valid entry:
answer: 69
answer_w_choices: 
Valid entry:
answer: 1
answer_w_choices: 
Valid entry:
answer: None
answer_w_choices: B
Valid entry:
answer: None
answer_w_choices: B
Valid entry:
answer: None
answer_w_choices: C
Valid entry:
answer: None
answer_w_choices: B
Valid entry:
answer: 9
answer_w_choices: 
Valid entry:
answer: None
answer_w_choices: E
Valid entry:
answer: 8
answer_w_choices: 
Valid entry:
answer: 34
answer_w_choices: 
Valid entry:
answer: None
answer_w_choices: A
Valid entry:
answer: 30
answer_w_choices: 
Valid entry:
answer: 100000000
answer_w_choices: 
Valid entry:
answer: None
answer_w_choices: B
Valid entry:
answer: None
answer_w_choices: A
Valid entry:
answer: None
answer_w_choices: B
Valid entry:
answer: 0.32
answer_w_choices: 
Valid entry:
answer: None
answer_w_choices: B
Valid entry:
answer: None
answer_w_choices: D
Valid entry:
answer: None
answer_w_choices: A
Valid entry:
answer: None
answer_w_choices: C
Valid entry:
answer: None
answer_w_choices: A
Valid entry:
answer: 0.13
answer_w_choices: 
Valid entry:
answer: None
answer_w_choices: B
Valid entry:
answer: None
answer_w_choices: C
Valid entry:
answer: None
answer_w_choices: D
Valid entry:
answer: 2.7
answer_w_choices: 
Valid entry:
answer: None
answer_w_choices: C
Valid entry:
answer: 2
answer_w_choices: 
Valid entry:
answer: 679
answer_w_choices: 
Valid entry:
answer: -2
answer_w_choices: 
Valid entry:
answer: -4.3
answer_w_choices: 
Valid entry:
answer: None
answer_w_choices: A
Valid entry:
answer: 0
answer_w_choices: 
Valid entry:
answer: None
answer_w_choices: C
Valid entry:
answer: None
answer_w_choices: B
Valid entry:
answer: 4
answer_w_choices: 
Valid entry:
answer: 5
answer_w_choices: 
Valid entry:
answer: None
answer_w_choices: A
Valid entry:
answer: 9
answer_w_choices: 
Valid entry:
answer: None
answer_w_choices: A
Valid entry:
answer: None
answer_w_choices: B
Valid entry:
answer: None
answer_w_choices: B
Valid entry:
answer: 3
answer_w_choices: 
Valid entry:
answer: None
answer_w_choices: A
Valid entry:
answer: None
answer_w_choices: A
Valid entry:
answer: 3
answer_w_choices: 
Valid entry:
answer: None
answer_w_choices: D
Valid entry:
answer: None
answer_w_choices: A
Valid entry:
answer: 2
answer_w_choices: 
Valid entry:
answer: 40
answer_w_choices: 
Valid entry:
answer: None
answer_w_choices: D
Valid entry:
answer: None
answer_w_choices: C
Valid entry:
answer: None
answer_w_choices: B
Valid entry:
answer: None
answer_w_choices: C
Valid entry:
answer: 9
answer_w_choices: 
Valid entry:
answer: None
answer_w_choices: C
Valid entry:
answer: 27
answer_w_choices: 
Valid entry:
answer: 86
answer_w_choices: 
Valid entry:
answer: None
answer_w_choices: B
Valid entry:
answer: 10.44
answer_w_choices: 
Valid entry:
answer: None
answer_w_choices: A
Valid entry:
answer: 16
answer_w_choices: 
Valid entry:
answer: None
answer_w_choices: A
Valid entry:
answer: None
answer_w_choices: D
Valid entry:
answer: 22
answer_w_choices: 
Valid entry:
answer: 5
answer_w_choices: 
Valid entry:
answer: 2
answer_w_choices: 
Valid entry:
answer: None
answer_w_choices: A
Valid entry:
answer: 2
answer_w_choices: 
Valid entry:
answer: None
answer_w_choices: D
Valid entry:
answer: 3
answer_w_choices: 
Valid entry:
answer: 2
answer_w_choices: 
Valid entry:
answer: 2
answer_w_choices: 
Valid entry:
answer: None
answer_w_choices: C
Valid entry:
answer: 7
answer_w_choices: 
Valid entry:
answer: None
answer_w_choices: C
Valid entry:
answer: 2
answer_w_choices: 
Valid entry:
answer: 252.65
answer_w_choices: 
Valid entry:
answer: None
answer_w_choices: A
Valid entry:
answer: None
answer_w_choices: A
Valid entry:
answer: 15
answer_w_choices: 
Valid entry:
answer: None
answer_w_choices: D
Valid entry:
answer: 18
answer_w_choices: 
Valid entry:
answer: 6
answer_w_choices: 
Valid entry:
answer: None
answer_w_choices: A
Valid entry:
answer: 3
answer_w_choices: 
Valid entry:
answer: None
answer_w_choices: A
Valid entry:
answer: None
answer_w_choices: A
Valid entry:
answer: 4
answer_w_choices: 
Valid entry:
answer: None
answer_w_choices: B
Valid entry:
answer: 0
answer_w_choices: 
Valid entry:
answer: 9
answer_w_choices: 
Valid entry:
answer: None
answer_w_choices: E
Valid entry:
answer: None
answer_w_choices: C
Valid entry:
answer: None
answer_w_choices: B
Valid entry:
answer: None
answer_w_choices: B
Valid entry:
answer: 2123
answer_w_choices: 
Valid entry:
answer: None
answer_w_choices: A
Valid entry:
answer: 7
answer_w_choices: 
Valid entry:
answer: None
answer_w_choices: A
Valid entry:
answer: None
answer_w_choices: C
Valid entry:
answer: 3
answer_w_choices: 
Valid entry:
answer: None
answer_w_choices: A
Valid entry:
answer: None
answer_w_choices: B
Valid entry:
answer: 1970
answer_w_choices: 
Valid entry:
answer: None
answer_w_choices: C
Valid entry:
answer: None
answer_w_choices: C
Valid entry:
answer: 2
answer_w_choices: 
Valid entry:
answer: None
answer_w_choices: B
Valid entry:
answer: 4
answer_w_choices: 
Valid entry:
answer: None
answer_w_choices: A
Valid entry:
answer: 9
answer_w_choices: 
Valid entry:
answer: None
answer_w_choices: C
Valid entry:
answer: None
answer_w_choices: C
Valid entry:
answer: 1
answer_w_choices: 
Valid entry:
answer: 1
answer_w_choices: 
Valid entry:
answer: 7
answer_w_choices: 
Valid entry:
answer: 30
answer_w_choices: 
Valid entry:
answer: None
answer_w_choices: D
Valid entry:
answer: 1
answer_w_choices: 
Valid entry:
answer: None
answer_w_choices: F
Valid entry:
answer: None
answer_w_choices: A
Valid entry:
answer: 19.5
answer_w_choices: 
Valid entry:
answer: 7.07
answer_w_choices: 
Valid entry:
answer: None
answer_w_choices: A
Valid entry:
answer: 5
answer_w_choices: 
Valid entry:
answer: 85
answer_w_choices: 
Valid entry:
answer: None
answer_w_choices: A
Valid entry:
answer: None
answer_w_choices: B
Valid entry:
answer: None
answer_w_choices: A
Valid entry:
answer: 9606
answer_w_choices: 
Valid entry:
answer: 10000
answer_w_choices: 
Valid entry:
answer: None
answer_w_choices: A
Valid entry:
answer: 0
answer_w_choices: 
Valid entry:
answer: None
answer_w_choices: A
Valid entry:
answer: None
answer_w_choices: D
Valid entry:
answer: None
answer_w_choices: C
Valid entry:
answer: 6
answer_w_choices: 
Valid entry:
answer: 2
answer_w_choices: 
Valid entry:
answer: 0
answer_w_choices: 
Valid entry:
answer: 2
answer_w_choices: 
Valid entry:
answer: 3
answer_w_choices: 
Valid entry:
answer: 6
answer_w_choices: 
Valid entry:
answer: 16
answer_w_choices: 
Valid entry:
answer: None
answer_w_choices: C
Valid entry:
answer: 11
answer_w_choices: 
Valid entry:
answer: 56
answer_w_choices: 
Valid entry:
answer: None
answer_w_choices: A
Valid entry:
answer: None
answer_w_choices: B
Valid entry:
answer: None
answer_w_choices: C
Valid entry:
answer: 50
answer_w_choices: 
Valid entry:
answer: None
answer_w_choices: D
Valid entry:
answer: None
answer_w_choices: C
Valid entry:
answer: 6
answer_w_choices: 
Valid entry:
answer: None
answer_w_choices: A
Valid entry:
answer: None
answer_w_choices: B
Valid entry:
answer: 32
answer_w_choices: 
Valid entry:
answer: 4
answer_w_choices: 
Valid entry:
answer: 7
answer_w_choices: 
Valid entry:
answer: None
answer_w_choices: C
Valid entry:
answer: 3
answer_w_choices: 
Valid entry:
answer: 6
answer_w_choices: 
Valid entry:
answer: 30
answer_w_choices: 
Valid entry:
answer: 3
answer_w_choices: 
Valid entry:
answer: 2
answer_w_choices: 
Valid entry:
answer: 6
answer_w_choices: 
Valid entry:
answer: None
answer_w_choices: A
Valid entry:
answer: None
answer_w_choices: C
Valid entry:
answer: None
answer_w_choices: B
Valid entry:
answer: None
answer_w_choices: B
Valid entry:
answer: 1
answer_w_choices: 
Valid entry:
answer: None
answer_w_choices: B
Valid entry:
answer: 6
answer_w_choices: 
Valid entry:
answer: None
answer_w_choices: B
Valid entry:
answer: None
answer_w_choices: D
Valid entry:
answer: 7
answer_w_choices: 
Valid entry:
answer: 9079
answer_w_choices: 
Valid entry:
answer: 12
answer_w_choices: 
Valid entry:
answer: 70.4
answer_w_choices: 
Valid entry:
answer: None
answer_w_choices: B
Valid entry:
answer: 8
answer_w_choices: 
Valid entry:
answer: None
answer_w_choices: B
Valid entry:
answer: 5
answer_w_choices: 
Valid entry:
answer: None
answer_w_choices: B
Valid entry:
answer: 4232
answer_w_choices: 
Valid entry:
answer: 1
answer_w_choices: 
Valid entry:
answer: 9
answer_w_choices: 
Valid entry:
answer: None
answer_w_choices: B
Valid entry:
answer: None
answer_w_choices: C
Valid entry:
answer: None
answer_w_choices: B
Valid entry:
answer: 9
answer_w_choices: 
Valid entry:
answer: None
answer_w_choices: A
Valid entry:
answer: 18.27
answer_w_choices: 
Valid entry:
answer: 2
answer_w_choices: 
Valid entry:
answer: None
answer_w_choices: B
Valid entry:
answer: None
answer_w_choices: A
Valid entry:
answer: 4.5
answer_w_choices: 
Valid entry:
answer: 9
answer_w_choices: 
