INFO 09-11 19:21:50 [__init__.py:241] Automatically detected platform cuda.
304
gt:  	 6
gt:  	 61
gt:  	 D
gt:  	 6
gt:  	 2
gt:  	 10
gt:  	 7
gt:  	 11
gt:  	 3
gt:  	 140
gt:  	 B
gt:  	 A
gt:  	 9
gt:  	 10
gt:  	 3
gt:  	 A
gt:  	 E
gt:  	 3
gt:  	 95
gt:  	 A
gt:  	 5
gt:  	 19
gt:  	 B
gt:  	 E
gt:  	 A
gt:  	 12
gt:  	 A
gt:  	 C
gt:  	 A
gt:  	 A
gt:  	 E
gt:  	 C
gt:  	 A
gt:  	 9
gt:  	 10
gt:  	 E
gt:  	 4
gt:  	 C
gt:  	 D
gt:  	 D
gt:  	 D
gt:  	 E
gt:  	 A
gt:  	 B
gt:  	 C
gt:  	 5
gt:  	 E
gt:  	 E
gt:  	 6
gt:  	 C
gt:  	 A
gt:  	 C
gt:  	 E
gt:  	 2
gt:  	 D
gt:  	 D
gt:  	 B
gt:  	 8
gt:  	 3
gt:  	 C
gt:  	 16
gt:  	 5
gt:  	 A
gt:  	 6
gt:  	 B
gt:  	 12
gt:  	 A
gt:  	 B
gt:  	 A
gt:  	 9
gt:  	 B
gt:  	 B
gt:  	 3
gt:  	 C
gt:  	 A
gt:  	 248
gt:  	 75
gt:  	 E
gt:  	 C
gt:  	 711
gt:  	 C
gt:  	 8
gt:  	 D
gt:  	 E
gt:  	 4
gt:  	 25
gt:  	 3
gt:  	 C
gt:  	 -2
gt:  	 D
gt:  	 20
gt:  	 16
gt:  	 D
gt:  	 446
gt:  	 E
gt:  	 13
gt:  	 D
gt:  	 B
gt:  	 9
gt:  	 D
gt:  	 D
gt:  	 A
gt:  	 A
gt:  	 C
gt:  	 B
gt:  	 1
gt:  	 E
gt:  	 5
gt:  	 4.8
gt:  	 C
gt:  	 B
gt:  	 5
gt:  	 A
gt:  	 E
gt:  	 64
gt:  	 A
gt:  	 B
gt:  	 3
gt:  	 E
gt:  	 A
gt:  	 A
gt:  	 3
gt:  	 E
gt:  	 E
gt:  	 C
gt:  	 22
gt:  	 B
gt:  	 A
gt:  	 3
gt:  	 C
gt:  	 B
gt:  	 6
gt:  	 2
gt:  	 2
gt:  	 E
gt:  	 D
gt:  	 B
gt:  	 D
gt:  	 D
gt:  	 E
gt:  	 D
gt:  	 B
gt:  	 12
gt:  	 E
gt:  	 C
gt:  	 70
gt:  	 B
gt:  	 A
gt:  	 E
gt:  	 500
gt:  	 A
gt:  	 1
gt:  	 60
gt:  	 24
gt:  	 7
gt:  	 4
gt:  	 C
gt:  	 B
gt:  	 5
gt:  	 6
gt:  	 32
gt:  	 E
gt:  	 4
gt:  	 C
gt:  	 20
gt:  	 B
gt:  	 C
gt:  	 3
gt:  	 A
gt:  	 5
gt:  	 21
gt:  	 6
gt:  	 D
gt:  	 B
gt:  	 3
gt:  	 A
gt:  	 D
gt:  	 4
gt:  	 B
gt:  	 A
gt:  	 E
gt:  	 16
gt:  	 C
gt:  	 6
gt:  	 6
gt:  	 E
gt:  	 E
gt:  	 B
gt:  	 C
gt:  	 10
gt:  	 4
gt:  	 E
gt:  	 B
gt:  	 D
gt:  	 B
gt:  	 D
gt:  	 9
gt:  	 D
gt:  	 C
gt:  	 C
gt:  	 C
gt:  	 D
gt:  	 4
gt:  	 3
gt:  	 C
gt:  	 4
gt:  	 C
gt:  	 3
gt:  	 A
gt:  	 A
gt:  	 A
gt:  	 D
gt:  	 E
gt:  	 2
gt:  	 D
gt:  	 E
gt:  	 D
gt:  	 A
gt:  	 E
gt:  	 D
gt:  	 B
gt:  	 A
gt:  	 4
gt:  	 B
gt:  	 2
gt:  	 B
gt:  	 A
gt:  	 C
gt:  	 A
gt:  	 A
gt:  	 B
gt:  	 B
gt:  	 A
gt:  	 B
gt:  	 C
gt:  	 E
gt:  	 A
gt:  	 10
gt:  	 6
gt:  	 C
gt:  	 A
gt:  	 4
gt:  	 2
gt:  	 C
gt:  	 C
gt:  	 E
gt:  	 B
gt:  	 B
gt:  	 D
gt:  	 5
gt:  	 5
gt:  	 B
gt:  	 B
gt:  	 B
gt:  	 D
gt:  	 A
gt:  	 C
gt:  	 D
gt:  	 D
gt:  	 5
gt:  	 E
gt:  	 B
gt:  	 7
gt:  	 A
gt:  	 3
gt:  	 D
gt:  	 4
gt:  	 3
gt:  	 A
gt:  	 D
gt:  	 3
gt:  	 A
gt:  	 A
gt:  	 4
gt:  	 E
gt:  	 E
gt:  	 D
gt:  	 D
gt:  	 E
gt:  	 C
gt:  	 36
gt:  	 1680
gt:  	 A
gt:  	 2.5
gt:  	 160
gt:  	 B
gt:  	 C
gt:  	 B
gt:  	 20
gt:  	 B
gt:  	 6
gt:  	 D
gt:  	 E
gt:  	 A
gt:  	 80
gt:  	 120
gt:  	 D
gt:  	 B
gt:  	 E
gt:  	 E
gt:  	 8
gt:  	 (3,-4)
gt:  	 45
gt:  	 54
303
[ERROR] 
[ERROR] id 3033 in original data not in extracted answers
[ERROR] id 3033 in original data not in extracted answers
========================================================================================================================================================================================================
6  1
61  61
D  None
6  4
2  10
10  16
7  5
11  6
3  9
140  120
B  C
A  None
9  15
10  9
3  3
A  D
E  B
3  Stick 4
95  107
A  Yellow
5  0
19  12
B  None
E  (C) ```
A  A
12  12
A  (A) To determine which piece is missing, let's analyze the pattern in the given images. The pattern consists of a large triangle divided into smaller triangles, each containing a star and a crown. The stars and crowns are arranged in a specific
C  We can get to points A, B, C, D, or E
A  (A) and (E)
A  KORO
E  C
C  (E) To determine which side is opposite to the side shown in <image3>, we need to analyze the positions of the faces in <image1> and match them with the options in <image4>.
A  (A) To solve the problem, I followed the instructions provided in the model response. The model response clearly states the correct option and is enclosed in <answer>(A)</answer> tags. Therefore, the final answer extracted is (A).
9  2
10  2
E  A
4  7
C  B
D  A
D  174
D  None
E  (A) ``` ``` ``` ``` ``` ``` ``` ``` ``` ``` ``` ``` ``` ``` ``` ``` ``` ``` ``` ``` ``` ``` ``` ``` ``` ``` ``` ``` ``` ``` ``` ``` ``` ``` ``` ``` ``` ``` ``` ``` ``` ``` ``` ``` ``` ``` ```
A  A
B  (A) ```
C  C
5  3
E  1, 3, 4, 2, 5
E  10 meters
6  1
C  (E) ```python
A  (A) ``` ``` ``` ``` ``` ``` ``` ``` ``` ``` ``` ``` ``` ``` ``` ``` ``` ``` ``` ``` ``` ``` ``` ``` ``` ``` ``` ``` ``` ``` ``` ``` ``` ``` ``` ``` ``` ``` ``` ``` ``` ``` ``` ``` ``` ``` ```
C  E
E  (B) ```
2  12
D  A
D  The 12th house should be placed at the intersection of the two straight streets that are not yet occupied. None
B  B
8  Wagon number 6
3  7
C  A
16  3
5  2
A  (E)
6  5
B  (B)
12  2
A  E
B  C
A  D
9  7
B  B
B  (A)
3  3
C  The cake with the number 6 on top belongs to Sophie. None
A  None
248  133
75  0
E  3
C  None
711  1310
C  540 grams
8  \boxed{16 - 4\pi} ``` The final answer is \boxed{16 - 4\pi}. ``` None of the provided options match the exact format or value, so the answer is given as \(\boxed{
D  40
E  1 + sin^2(theta) None
4  1
25  15
3  2
C  \frac{1}{2} \pi R^2 - 2\pi
-2  -2
D  \(\frac{11}{12}\) None
20  29
16  18
D  \(\frac{1}{4}\) To find the area of the shaded region, we need to analyze the given square and the points involved. The square \(ABCD\) has a side length of 1, and \(M\) is the
446  56
E  0.5
13  7
D  D
B  4\sqrt{2} To ensure clarity and precision, the final answer should be in the simplest form. Therefore, the extracted answer is:
9  14
D  II
D  63
A  9
A  D
C  8.75^\circ
B  2:1
1  1
E  B
5  5
4.8  3
C  B
B  \frac{2\pi \sqrt{3}}{3} To determine the path length that the point on the equilateral triangle covers as it rolls around the unit square, we need to consider the geometry of the problem. The point on the
5  5 \left(1 + \sqrt{2}\right) None
A  E
E  137^\circ
64  107
A  2
B  720^\circ
3  3
E  C
A  \sqrt{6} To solve the problem, we need to determine the radii of the three concentric circles and then find their product. Let's denote the radii of the three circles as \( r_1 \), \( r_2
A  B
3  8
E  8 : 5
E  10^\circ
C  90^\circ
22  20
B  125
A  12
3  5
C  A
B  \(\frac{1}{2}\)
6  6
2  Room 2 or Room 5
2  3
E  3 m
D  B
B  \(\frac{1}{2}ab\) The final answer is \(\boxed{\frac{1}{2}ab}\). \(\) \(\) \(\) \(\) \(\) \(\) \(\) \(\
D  2\pi - \sqrt{3}
D  35%
E  C
D  A
B  \frac{1}{8}
12  8
E  E
C  \(X + 54\) To solve the problem of finding the total surface area of all 27 smaller cuboids after cutting the original cuboid, we need to follow these steps:
70  61
B  625, 626, 627
A  C
E  M L
500  500
A  A
1  4
60  56
24  \(\frac{80}{3}\) meters
7  19
4  4
C  None
B  E
5  5
6  6
32  19
E  D
4  8
C  E
20  36
B  (C)
C  1
3  5
A  None
5  0
21  5
6  3
D  Point \( E \)
B  (E) To determine which picture shows a single large loop, let's analyze each option:
3  3
A  E
D  (B)
4  6
B  Z should be placed after T. None of the given options are provided, so the answer is the short phrase as stated. Z should be placed after T.
A  E
E  A
16  7
C  (A) To solve the problem, we need to evaluate each calculation in the given table to determine which squares should be painted. The calculations are as follows:
6  48
6  8
E  (E) □
E  Card E
B  None
C  Hexagon 2
10  11
4  100
E  E
B  None
D  D
B  45
D  M
9  6
D  None
C  10 km
C  56.56 cm
C  None
D  None
4  3
3  3
C  E
4  6
C  B
3  1
A  2 cm, 2 cm, and 6 cm
A  B
A  (A) ```python
D  73.35 cm
E  None
2  1
D  None
E  The combination in the image is possible.
D  B
A  D
E  Buoy 5
D  0 degrees
B  105^\circ
A  Rectangle
4  There is one piece of string in the picture.
B  None
2  0
B  60^\circ
A  The point with the largest absolute value of the ratio \(\frac{y}{x}\) will give the smallest value.
C  60^\circ
A  None
A  121^\circ
B  20
B  6
A  D
B  (B) 1893
C  3
E  5
A  (A)
10  10
6  1
C  9.47
A  360 degrees
4  6
2  2
C  4\pi + 3 \text{ cm} None of the provided options match the exact format, so the answer is in the form of a mathematical expression. The final answer is \(4\pi + 3\) cm. None
C  13
E  E
B  C
B  \frac{1}{2} To determine the probability of rolling a "YES" on the die, we need to consider the total number of possible outcomes and the number of favorable outcomes. The die has six faces, with three faces showing "YES
D  B
5  3
5  4
B  None
B  D
B  30^\circ
D  60^\circ
A  P and Q
C  84^\circ
D  P, Q, R, or S
D  9
5  4
E  Option C
B  D
7  2
A  6
3  4
D  E
4  6
3  3
A  \(\frac{1}{2}\) The final answer is \(\boxed{\frac{1}{2}}\). \(\boxed{\frac{1}{2}}\) None
D  30°
3  3
A  A
A  None
4  25
E  A, C, and E
E  A
D  2
D  1
E  b
C  20^\circ
36  5
1680  2730
A  \frac{\sqrt{2}}{2} ``` The extracted answer from the model's response is \(\boxed{\frac{\sqrt{2}}{2}}\). ```
2.5  2.5
160  160
B  The greatest monthly drop in price occurred during May to June.
C  32% ``` The final answer is 32%. ``` 32% ``` The final answer is 32%. ``` 32% ``` The final answer is 32%. ``` 32% ``` The final answer
B  3
20  20%
B  84 cents
6  8
D  <image2>
E  Evelyn
A  None
80  $77.50
120  120
D  6
B  (A) ```python
E  A
E  A
8  4 seconds
(3,-4)  $(3, -4)$
45  45
========================================================================================================================================================================================================
Traceback (most recent call last):
  File "/home/minyingqian/vprm/MathVision/calc_acc.py", line 82, in <module>
    kill
NameError: name 'kill' is not defined
